<?xml version="1.0" encoding="UTF-8"?>
<testsuite xmlns:xsi="http://www.w3.org/2001/XMLSchema-instance" xsi:noNamespaceSchemaLocation="https://maven.apache.org/surefire/maven-surefire-plugin/xsd/surefire-test-report.xsd" name="cn.bytts.dao.UserDaoTest" time="0.112" tests="4" errors="0" skipped="0" failures="0">
  <properties>
    <property name="sun.desktop" value="windows"/>
    <property name="awt.toolkit" value="sun.awt.windows.WToolkit"/>
    <property name="file.encoding.pkg" value="sun.io"/>
    <property name="java.specification.version" value="1.8"/>
    <property name="sun.cpu.isalist" value="amd64"/>
    <property name="sun.jnu.encoding" value="GBK"/>
    <property name="java.class.path" value="D:\JavaPojects\CreateTime\target\test-classes;D:\JavaPojects\CreateTime\target\classes;D:\RepMaven\junit\junit\4.12\junit-4.12.jar;D:\RepMaven\org\hamcrest\hamcrest-core\1.3\hamcrest-core-1.3.jar;D:\RepMaven\org\aspectj\aspectjweaver\1.6.8\aspectjweaver-1.6.8.jar;D:\RepMaven\org\springframework\spring-aop\5.0.2.RELEASE\spring-aop-5.0.2.RELEASE.jar;D:\RepMaven\org\springframework\spring-beans\5.0.2.RELEASE\spring-beans-5.0.2.RELEASE.jar;D:\RepMaven\org\springframework\spring-core\5.0.2.RELEASE\spring-core-5.0.2.RELEASE.jar;D:\RepMaven\org\springframework\spring-jcl\5.0.2.RELEASE\spring-jcl-5.0.2.RELEASE.jar;D:\RepMaven\org\springframework\spring-context\5.0.2.RELEASE\spring-context-5.0.2.RELEASE.jar;D:\RepMaven\org\springframework\spring-expression\5.0.2.RELEASE\spring-expression-5.0.2.RELEASE.jar;D:\RepMaven\org\springframework\spring-web\5.0.2.RELEASE\spring-web-5.0.2.RELEASE.jar;D:\RepMaven\org\springframework\spring-webmvc\5.0.2.RELEASE\spring-webmvc-5.0.2.RELEASE.jar;D:\RepMaven\org\springframework\spring-test\5.0.2.RELEASE\spring-test-5.0.2.RELEASE.jar;D:\RepMaven\org\springframework\spring-tx\5.0.2.RELEASE\spring-tx-5.0.2.RELEASE.jar;D:\RepMaven\org\springframework\spring-jdbc\5.0.2.RELEASE\spring-jdbc-5.0.2.RELEASE.jar;D:\RepMaven\mysql\mysql-connector-java\5.1.6\mysql-connector-java-5.1.6.jar;D:\RepMaven\javax\servlet\servlet-api\2.5\servlet-api-2.5.jar;D:\RepMaven\javax\servlet\jsp\jsp-api\2.0\jsp-api-2.0.jar;D:\RepMaven\org\apache\logging\log4j\log4j-api\2.12.1\log4j-api-2.12.1.jar;D:\RepMaven\org\apache\logging\log4j\log4j-core\2.12.1\log4j-core-2.12.1.jar;D:\RepMaven\org\apache\logging\log4j\log4j-web\2.12.1\log4j-web-2.12.1.jar;D:\RepMaven\org\mybatis\mybatis\3.4.5\mybatis-3.4.5.jar;D:\RepMaven\org\mybatis\mybatis-spring\1.3.0\mybatis-spring-1.3.0.jar;D:\RepMaven\com\alibaba\druid\1.1.20\druid-1.1.20.jar;D:\RepMaven\com\fasterxml\jackson\core\jackson-annotations\2.9.8\jackson-annotations-2.9.8.jar;D:\RepMaven\com\fasterxml\jackson\core\jackson-core\2.9.8\jackson-core-2.9.8.jar;D:\RepMaven\com\fasterxml\jackson\core\jackson-databind\2.9.8\jackson-databind-2.9.8.jar;D:\RepMaven\com\fasterxml\jackson\module\jackson-module-jaxb-annotations\2.9.8\jackson-module-jaxb-annotations-2.9.8.jar;D:\RepMaven\commons-fileupload\commons-fileupload\1.3.1\commons-fileupload-1.3.1.jar;D:\RepMaven\commons-io\commons-io\2.4\commons-io-2.4.jar;"/>
    <property name="java.vm.vendor" value="Oracle Corporation"/>
    <property name="sun.arch.data.model" value="64"/>
    <property name="user.variant" value=""/>
    <property name="java.vendor.url" value="http://java.oracle.com/"/>
    <property name="user.timezone" value="Asia/Shanghai"/>
    <property name="java.vm.specification.version" value="1.8"/>
    <property name="os.name" value="Windows 10"/>
    <property name="user.country" value="CN"/>
    <property name="sun.java.launcher" value="SUN_STANDARD"/>
    <property name="sun.boot.library.path" value="D:\DevelopTools\Java\jdk1.8.0_251\jre\bin"/>
    <property name="sun.java.command" value="C:\Users\LZT\AppData\Local\Temp\surefire1363453934684319986\surefirebooter7874430907906250399.jar C:\Users\LZT\AppData\Local\Temp\surefire1363453934684319986 2020-08-25T20-01-51_084-jvmRun1 surefire3118342655005532517tmp surefire_07035650632919591234tmp"/>
    <property name="surefire.test.class.path" value="D:\JavaPojects\CreateTime\target\test-classes;D:\JavaPojects\CreateTime\target\classes;D:\RepMaven\junit\junit\4.12\junit-4.12.jar;D:\RepMaven\org\hamcrest\hamcrest-core\1.3\hamcrest-core-1.3.jar;D:\RepMaven\org\aspectj\aspectjweaver\1.6.8\aspectjweaver-1.6.8.jar;D:\RepMaven\org\springframework\spring-aop\5.0.2.RELEASE\spring-aop-5.0.2.RELEASE.jar;D:\RepMaven\org\springframework\spring-beans\5.0.2.RELEASE\spring-beans-5.0.2.RELEASE.jar;D:\RepMaven\org\springframework\spring-core\5.0.2.RELEASE\spring-core-5.0.2.RELEASE.jar;D:\RepMaven\org\springframework\spring-jcl\5.0.2.RELEASE\spring-jcl-5.0.2.RELEASE.jar;D:\RepMaven\org\springframework\spring-context\5.0.2.RELEASE\spring-context-5.0.2.RELEASE.jar;D:\RepMaven\org\springframework\spring-expression\5.0.2.RELEASE\spring-expression-5.0.2.RELEASE.jar;D:\RepMaven\org\springframework\spring-web\5.0.2.RELEASE\spring-web-5.0.2.RELEASE.jar;D:\RepMaven\org\springframework\spring-webmvc\5.0.2.RELEASE\spring-webmvc-5.0.2.RELEASE.jar;D:\RepMaven\org\springframework\spring-test\5.0.2.RELEASE\spring-test-5.0.2.RELEASE.jar;D:\RepMaven\org\springframework\spring-tx\5.0.2.RELEASE\spring-tx-5.0.2.RELEASE.jar;D:\RepMaven\org\springframework\spring-jdbc\5.0.2.RELEASE\spring-jdbc-5.0.2.RELEASE.jar;D:\RepMaven\mysql\mysql-connector-java\5.1.6\mysql-connector-java-5.1.6.jar;D:\RepMaven\javax\servlet\servlet-api\2.5\servlet-api-2.5.jar;D:\RepMaven\javax\servlet\jsp\jsp-api\2.0\jsp-api-2.0.jar;D:\RepMaven\org\apache\logging\log4j\log4j-api\2.12.1\log4j-api-2.12.1.jar;D:\RepMaven\org\apache\logging\log4j\log4j-core\2.12.1\log4j-core-2.12.1.jar;D:\RepMaven\org\apache\logging\log4j\log4j-web\2.12.1\log4j-web-2.12.1.jar;D:\RepMaven\org\mybatis\mybatis\3.4.5\mybatis-3.4.5.jar;D:\RepMaven\org\mybatis\mybatis-spring\1.3.0\mybatis-spring-1.3.0.jar;D:\RepMaven\com\alibaba\druid\1.1.20\druid-1.1.20.jar;D:\RepMaven\com\fasterxml\jackson\core\jackson-annotations\2.9.8\jackson-annotations-2.9.8.jar;D:\RepMaven\com\fasterxml\jackson\core\jackson-core\2.9.8\jackson-core-2.9.8.jar;D:\RepMaven\com\fasterxml\jackson\core\jackson-databind\2.9.8\jackson-databind-2.9.8.jar;D:\RepMaven\com\fasterxml\jackson\module\jackson-module-jaxb-annotations\2.9.8\jackson-module-jaxb-annotations-2.9.8.jar;D:\RepMaven\commons-fileupload\commons-fileupload\1.3.1\commons-fileupload-1.3.1.jar;D:\RepMaven\commons-io\commons-io\2.4\commons-io-2.4.jar;"/>
    <property name="sun.cpu.endian" value="little"/>
    <property name="user.home" value="C:\Users\LZT"/>
    <property name="user.language" value="zh"/>
    <property name="java.specification.vendor" value="Oracle Corporation"/>
    <property name="java.home" value="D:\DevelopTools\Java\jdk1.8.0_251\jre"/>
    <property name="basedir" value="D:\JavaPojects\CreateTime"/>
    <property name="file.separator" value="\"/>
    <property name="line.separator" value="&#10;"/>
    <property name="java.vm.specification.vendor" value="Oracle Corporation"/>
    <property name="java.specification.name" value="Java Platform API Specification"/>
    <property name="java.awt.graphicsenv" value="sun.awt.Win32GraphicsEnvironment"/>
    <property name="surefire.real.class.path" value="C:\Users\LZT\AppData\Local\Temp\surefire1363453934684319986\surefirebooter7874430907906250399.jar"/>
    <property name="sun.boot.class.path" value="D:\DevelopTools\Java\jdk1.8.0_251\jre\lib\resources.jar;D:\DevelopTools\Java\jdk1.8.0_251\jre\lib\rt.jar;D:\DevelopTools\Java\jdk1.8.0_251\jre\lib\sunrsasign.jar;D:\DevelopTools\Java\jdk1.8.0_251\jre\lib\jsse.jar;D:\DevelopTools\Java\jdk1.8.0_251\jre\lib\jce.jar;D:\DevelopTools\Java\jdk1.8.0_251\jre\lib\charsets.jar;D:\DevelopTools\Java\jdk1.8.0_251\jre\lib\jfr.jar;D:\DevelopTools\Java\jdk1.8.0_251\jre\classes"/>
    <property name="user.script" value=""/>
    <property name="sun.management.compiler" value="HotSpot 64-Bit Tiered Compilers"/>
    <property name="java.runtime.version" value="1.8.0_251-b08"/>
    <property name="user.name" value="LZT"/>
    <property name="path.separator" value=";"/>
    <property name="os.version" value="10.0"/>
    <property name="java.endorsed.dirs" value="D:\DevelopTools\Java\jdk1.8.0_251\jre\lib\endorsed"/>
    <property name="java.runtime.name" value="Java(TM) SE Runtime Environment"/>
    <property name="file.encoding" value="GBK"/>
    <property name="java.vm.name" value="Java HotSpot(TM) 64-Bit Server VM"/>
    <property name="localRepository" value="D:\RepMaven"/>
    <property name="java.vendor.url.bug" value="http://bugreport.sun.com/bugreport/"/>
    <property name="java.io.tmpdir" value="C:\Users\LZT\AppData\Local\Temp\"/>
    <property name="idea.version" value="2020.2"/>
    <property name="java.version" value="1.8.0_251"/>
    <property name="user.dir" value="D:\JavaPojects\CreateTime"/>
    <property name="os.arch" value="amd64"/>
    <property name="java.vm.specification.name" value="Java Virtual Machine Specification"/>
    <property name="java.awt.printerjob" value="sun.awt.windows.WPrinterJob"/>
    <property name="sun.os.patch.level" value=""/>
    <property name="java.library.path" value="D:\DevelopTools\Java\jdk1.8.0_251\jre\bin;C:\WINDOWS\Sun\Java\bin;C:\WINDOWS\system32;C:\WINDOWS;C:\Program Files (x86)\Common Files\Oracle\Java\javapath;C:\WINDOWS\system32;C:\WINDOWS;C:\WINDOWS\System32\Wbem;C:\WINDOWS\System32\WindowsPowerShell\v1.0\;C:\WINDOWS\System32\OpenSSH\;D:\DevelopTools\Java\jdk1.8.0_251\bin;C:\App\Git\cmd;C:\Program Files (x86)\NVIDIA Corporation\PhysX\Common;C:\Program Files\NVIDIA Corporation\NVIDIA NvDLISR;C:\Users\LZT\AppData\Local\Microsoft\WindowsApps;C:\App\Bandizip\;C:\App\JetBrains\IntelliJ IDEA 2020.1.3\bin;;C:\App\Fiddler;C:\App\Microsoft VS Code\bin;C:\Users\LZT\AppData\Local\Microsoft\WindowsApps;."/>
    <property name="java.vm.info" value="mixed mode"/>
    <property name="java.vendor" value="Oracle Corporation"/>
    <property name="java.vm.version" value="25.251-b08"/>
    <property name="java.ext.dirs" value="D:\DevelopTools\Java\jdk1.8.0_251\jre\lib\ext;C:\WINDOWS\Sun\Java\lib\ext"/>
    <property name="sun.io.unicode.encoding" value="UnicodeLittle"/>
    <property name="maven.repo.local" value="D:\RepMaven"/>
    <property name="java.class.version" value="52.0"/>
  </properties>
  <testcase name="updateUser" classname="cn.bytts.dao.UserDaoTest" time="0.009"/>
  <testcase name="selectUserByTag" classname="cn.bytts.dao.UserDaoTest" time="0.009"/>
  <testcase name="insertUser" classname="cn.bytts.dao.UserDaoTest" time="0.009"/>
  <testcase name="deleteUserByTag" classname="cn.bytts.dao.UserDaoTest" time="0.008"/>
</testsuite>